<?xml version="1.0" encoding="UTF-8"?>
<!-- Generated by org.testng.reporters.JUnitXMLReporter -->
<testsuite ignored="2" hostname="rwethu-HP-Laptop" failures="0" tests="2" name="Test2" time="10.653" errors="0" timestamp="2026-01-02T11:58:10 IST">
  <testcase classname="testCaseRepo.TC_001" name="LE_001" time="4.808"/>
  <testcase classname="testCaseRepo.TC_003" name="LE_003" time="5.088"/>
  <testcase classname="genericUtility.Baseclass" name="@BeforeSuite createDbconnection" time="0.0">
    <ignored/>
  </testcase> <!-- @BeforeSuite createDbconnection -->
  <testcase classname="genericUtility.Baseclass" name="@AfterSuite closedb" time="0.0">
    <ignored/>
  </testcase> <!-- @AfterSuite closedb -->
</testsuite> <!-- Test2 -->
