<?xml version="1.0" encoding="UTF-8"?>
<!-- Generated by org.testng.reporters.JUnitXMLReporter -->
<testsuite ignored="4" hostname="rwethu-HP-Laptop" failures="0" tests="3" name="Test" time="22.898" errors="0" timestamp="2026-01-02T11:50:08 IST">
  <testcase classname="testCaseRepo.TC_001" name="LE_001" time="8.44"/>
  <testcase classname="testCaseRepo.TC_003" name="LE_003" time="12.343"/>
  <testcase classname="testCaseRepo.Tc_002" name="LE_002" time="12.789"/>
  <testcase classname="genericUtility.Baseclass" name="@BeforeSuite createDbconnection" time="0.0">
    <ignored/>
  </testcase> <!-- @BeforeSuite createDbconnection -->
  <testcase classname="genericUtility.Baseclass" name="@AfterSuite closedb" time="0.0">
    <ignored/>
  </testcase> <!-- @AfterSuite closedb -->
  <testcase classname="genericUtility.Baseclass" name="@BeforeSuite createDbconnection" time="0.0">
    <ignored/>
  </testcase> <!-- @BeforeSuite createDbconnection -->
  <testcase classname="genericUtility.Baseclass" name="@AfterSuite closedb" time="0.0">
    <ignored/>
  </testcase> <!-- @AfterSuite closedb -->
</testsuite> <!-- Test -->
