<?xml version="1.0" encoding="UTF-8"?>
<!-- Generated by org.testng.reporters.JUnitXMLReporter -->
<testsuite ignored="5" hostname="rwethu-HP-Laptop" failures="0" tests="3" name="Test" time="30.709" errors="0" timestamp="2026-01-14T10:19:30 IST">
  <testcase classname="testCaseRepo.TC_003" name="LE_003" time="5.154"/>
  <testcase classname="testCaseRepo.TC_005" name="CON_002" time="4.388"/>
  <testcase classname="testCaseRepo.TC_004" name="CON_004" time="3.512"/>
  <testcase classname="genericUtility.Baseclass" name="@BeforeSuite createDbconnection" time="0.0">
    <ignored/>
  </testcase> <!-- @BeforeSuite createDbconnection -->
  <testcase classname="genericUtility.Baseclass" name="@BeforeSuite createDbconnection" time="0.0">
    <ignored/>
  </testcase> <!-- @BeforeSuite createDbconnection -->
  <testcase classname="genericUtility.Baseclass" name="@AfterSuite closedb" time="0.0">
    <ignored/>
  </testcase> <!-- @AfterSuite closedb -->
  <testcase classname="testCaseRepo.TC_003" name="hi" time="0.0">
    <ignored/>
  </testcase> <!-- hi -->
  <testcase classname="genericUtility.Baseclass" name="@AfterSuite closedb" time="0.0">
    <ignored/>
  </testcase> <!-- @AfterSuite closedb -->
</testsuite> <!-- Test -->
