<?xml version="1.0" encoding="UTF-8"?>
<testng-results ignored="1" total="4" passed="3" failed="0" skipped="0">
  <reporter-output>
    <line>
      <![CDATA[on start executed]]>
    </line>
    <line>
      <![CDATA[LE_003on test started]]>
    </line>
    <line>
      <![CDATA[LE_003on test success]]>
    </line>
    <line>
      <![CDATA[CON_002on test started]]>
    </line>
    <line>
      <![CDATA[CON_002on test success]]>
    </line>
    <line>
      <![CDATA[CON_004on test started]]>
    </line>
    <line>
      <![CDATA[CON_004on test success]]>
    </line>
  </reporter-output>
  <suite started-at="2026-01-14T10:18:59 IST" name="Suite" finished-at="2026-01-14T10:19:30 IST" duration-ms="30709">
    <groups>
      <group name="regression">
        <method signature="TC_003.LE_003()[pri:0, instance:testCaseRepo.TC_003@6a400542]" name="LE_003" class="testCaseRepo.TC_003"/>
      </group> <!-- regression -->
      <group name="smoke">
        <method signature="TC_003.LE_003()[pri:0, instance:testCaseRepo.TC_003@6a400542]" name="LE_003" class="testCaseRepo.TC_003"/>
        <method signature="TC_004.CON_004()[pri:0, instance:testCaseRepo.TC_004@48ae9b55]" name="CON_004" class="testCaseRepo.TC_004"/>
        <method signature="TC_005.CON_002()[pri:0, instance:testCaseRepo.TC_005@6a28ffa4]" name="CON_002" class="testCaseRepo.TC_005"/>
      </group> <!-- smoke -->
    </groups>
    <test started-at="2026-01-14T10:18:59 IST" name="Test" finished-at="2026-01-14T10:19:30 IST" duration-ms="30709">
      <class name="testCaseRepo.TC_003">
        <test-method is-config="true" signature="createDbconnection()[pri:0, instance:testCaseRepo.TC_003@6a400542]" started-at="2026-01-14T10:18:59 IST" name="createDbconnection" finished-at="2026-01-14T10:18:59 IST" duration-ms="31" status="PASS">
          <reporter-output>
          </reporter-output>
        </test-method> <!-- createDbconnection -->
        <test-method is-config="true" signature="launchBrowser(java.lang.String)[pri:0, instance:testCaseRepo.TC_003@6a400542]" started-at="2026-01-14T10:18:59 IST" name="launchBrowser" finished-at="2026-01-14T10:19:04 IST" duration-ms="4646" status="PASS">
          <params>
            <param index="0">
              <value>
                <![CDATA[chrome]]>
              </value>
            </param>
          </params>
          <reporter-output>
          </reporter-output>
        </test-method> <!-- launchBrowser -->
        <test-method is-config="true" signature="loginoperation()[pri:0, instance:testCaseRepo.TC_003@6a400542]" started-at="2026-01-14T10:19:04 IST" name="loginoperation" finished-at="2026-01-14T10:19:05 IST" duration-ms="745" status="PASS">
          <reporter-output>
          </reporter-output>
        </test-method> <!-- loginoperation -->
        <test-method signature="LE_003()[pri:0, instance:testCaseRepo.TC_003@6a400542]" started-at="2026-01-14T10:19:05 IST" name="LE_003" finished-at="2026-01-14T10:19:10 IST" duration-ms="5154" status="PASS">
          <reporter-output>
            <line>
              <![CDATA[LE_003on test started]]>
            </line>
            <line>
              <![CDATA[LE_003on test success]]>
            </line>
          </reporter-output>
        </test-method> <!-- LE_003 -->
        <test-method is-config="true" signature="logoutoperation()[pri:0, instance:testCaseRepo.TC_003@6a400542]" started-at="2026-01-14T10:19:10 IST" name="logoutoperation" finished-at="2026-01-14T10:19:11 IST" duration-ms="1167" status="PASS">
          <reporter-output>
          </reporter-output>
        </test-method> <!-- logoutoperation -->
        <test-method is-config="true" signature="closebrowswer()[pri:0, instance:testCaseRepo.TC_003@6a400542]" started-at="2026-01-14T10:19:11 IST" name="closebrowswer" finished-at="2026-01-14T10:19:11 IST" duration-ms="112" status="PASS">
          <reporter-output>
          </reporter-output>
        </test-method> <!-- closebrowswer -->
        <test-method is-config="true" signature="closedb()[pri:0, instance:testCaseRepo.TC_003@6a400542]" started-at="2026-01-14T10:19:30 IST" name="closedb" finished-at="2026-01-14T10:19:30 IST" duration-ms="1" status="PASS">
          <reporter-output>
          </reporter-output>
        </test-method> <!-- closedb -->
      </class> <!-- testCaseRepo.TC_003 -->
      <class name="testCaseRepo.TC_005">
        <test-method is-config="true" signature="launchBrowser(java.lang.String)[pri:0, instance:testCaseRepo.TC_005@6a28ffa4]" started-at="2026-01-14T10:19:11 IST" name="launchBrowser" finished-at="2026-01-14T10:19:14 IST" duration-ms="2615" status="PASS">
          <params>
            <param index="0">
              <value>
                <![CDATA[chrome]]>
              </value>
            </param>
          </params>
          <reporter-output>
          </reporter-output>
        </test-method> <!-- launchBrowser -->
        <test-method is-config="true" signature="loginoperation()[pri:0, instance:testCaseRepo.TC_005@6a28ffa4]" started-at="2026-01-14T10:19:14 IST" name="loginoperation" finished-at="2026-01-14T10:19:15 IST" duration-ms="643" status="PASS">
          <reporter-output>
          </reporter-output>
        </test-method> <!-- loginoperation -->
        <test-method signature="CON_002()[pri:0, instance:testCaseRepo.TC_005@6a28ffa4]" started-at="2026-01-14T10:19:15 IST" name="CON_002" finished-at="2026-01-14T10:19:19 IST" duration-ms="4388" status="PASS">
          <reporter-output>
            <line>
              <![CDATA[CON_002on test started]]>
            </line>
            <line>
              <![CDATA[CON_002on test success]]>
            </line>
          </reporter-output>
        </test-method> <!-- CON_002 -->
        <test-method is-config="true" signature="logoutoperation()[pri:0, instance:testCaseRepo.TC_005@6a28ffa4]" started-at="2026-01-14T10:19:19 IST" name="logoutoperation" finished-at="2026-01-14T10:19:21 IST" duration-ms="2212" status="PASS">
          <reporter-output>
          </reporter-output>
        </test-method> <!-- logoutoperation -->
        <test-method is-config="true" signature="closebrowswer()[pri:0, instance:testCaseRepo.TC_005@6a28ffa4]" started-at="2026-01-14T10:19:21 IST" name="closebrowswer" finished-at="2026-01-14T10:19:21 IST" duration-ms="104" status="PASS">
          <reporter-output>
          </reporter-output>
        </test-method> <!-- closebrowswer -->
      </class> <!-- testCaseRepo.TC_005 -->
      <class name="testCaseRepo.TC_004">
        <test-method is-config="true" signature="launchBrowser(java.lang.String)[pri:0, instance:testCaseRepo.TC_004@48ae9b55]" started-at="2026-01-14T10:19:21 IST" name="launchBrowser" finished-at="2026-01-14T10:19:23 IST" duration-ms="1938" status="PASS">
          <params>
            <param index="0">
              <value>
                <![CDATA[chrome]]>
              </value>
            </param>
          </params>
          <reporter-output>
          </reporter-output>
        </test-method> <!-- launchBrowser -->
        <test-method is-config="true" signature="loginoperation()[pri:0, instance:testCaseRepo.TC_004@48ae9b55]" started-at="2026-01-14T10:19:23 IST" name="loginoperation" finished-at="2026-01-14T10:19:24 IST" duration-ms="677" status="PASS">
          <reporter-output>
          </reporter-output>
        </test-method> <!-- loginoperation -->
        <test-method signature="CON_004()[pri:0, instance:testCaseRepo.TC_004@48ae9b55]" started-at="2026-01-14T10:19:24 IST" name="CON_004" finished-at="2026-01-14T10:19:27 IST" duration-ms="3512" status="PASS">
          <reporter-output>
            <line>
              <![CDATA[CON_004on test started]]>
            </line>
            <line>
              <![CDATA[CON_004on test success]]>
            </line>
          </reporter-output>
        </test-method> <!-- CON_004 -->
        <test-method is-config="true" signature="logoutoperation()[pri:0, instance:testCaseRepo.TC_004@48ae9b55]" started-at="2026-01-14T10:19:27 IST" name="logoutoperation" finished-at="2026-01-14T10:19:30 IST" duration-ms="2363" status="PASS">
          <reporter-output>
          </reporter-output>
        </test-method> <!-- logoutoperation -->
        <test-method is-config="true" signature="closebrowswer()[pri:0, instance:testCaseRepo.TC_004@48ae9b55]" started-at="2026-01-14T10:19:30 IST" name="closebrowswer" finished-at="2026-01-14T10:19:30 IST" duration-ms="93" status="PASS">
          <reporter-output>
          </reporter-output>
        </test-method> <!-- closebrowswer -->
      </class> <!-- testCaseRepo.TC_004 -->
    </test> <!-- Test -->
  </suite> <!-- Suite -->
</testng-results>
