<?xml version="1.0" encoding="UTF-8"?>
<!-- Generated by org.testng.reporters.JUnitReportReporter -->
<testsuite hostname="rwethu-HP-Laptop" failures="0" tests="4" name="practice.practiceTestNG" time="0.026" errors="0" timestamp="2026-01-03T09:52:49 IST" skipped="0">
  <testcase classname="practice.practiceTestNG" name="deleteuser" time="0.002"/>
  <testcase classname="practice.practiceTestNG" name="createuser" time="0.019"/>
  <testcase classname="practice.practiceTestNG" name="modifyuser" time="0.002"/>
  <testcase classname="practice.practiceTestNG" name="modifyuser" time="0.003"/>
</testsuite> <!-- practice.practiceTestNG -->
