<?xml version="1.0" encoding="UTF-8"?>
<!-- Generated by org.testng.reporters.JUnitReportReporter -->
<testsuite hostname="rwethu-HP-Laptop" failures="0" tests="1" name="testCaseRepo.TC_004" time="6.552" errors="0" timestamp="2026-01-14T10:19:30 IST" skipped="0">
  <testcase classname="testCaseRepo.TC_004" name="CON_004" time="6.552">
    <system-out>
      <![CDATA[CON_004on test started
CON_004on test success]]>
    </system-out>
  </testcase> <!-- CON_004 -->
  <system-out>
    <![CDATA[on start executed
LE_003on test started
LE_003on test success
CON_002on test started
CON_002on test success
CON_004on test started
CON_004on test success]]>
  </system-out>
</testsuite> <!-- testCaseRepo.TC_004 -->
